2023-05-31 20:00:03,689 ----------------------------------------------------------------------------------------------------
2023-05-31 20:00:03,691 Model: "SequenceTagger(
  (embeddings): StackedEmbeddings(
    (list_embedding_0): FlairEmbeddings(
      (lm): LanguageModel(
        (drop): Dropout(p=0.05, inplace=False)
        (encoder): Embedding(300, 100)
        (rnn): LSTM(100, 2048)
      )
    )
    (list_embedding_1): FlairEmbeddings(
      (lm): LanguageModel(
        (drop): Dropout(p=0.05, inplace=False)
        (encoder): Embedding(300, 100)
        (rnn): LSTM(100, 2048)
      )
    )
  )
  (word_dropout): WordDropout(p=0.05)
  (locked_dropout): LockedDropout(p=0.5)
  (embedding2nn): Linear(in_features=4096, out_features=4096, bias=True)
  (rnn): LSTM(4096, 256, batch_first=True, bidirectional=True)
  (linear): Linear(in_features=512, out_features=31, bias=True)
  (loss_function): ViterbiLoss()
  (crf): CRF()
)"
2023-05-31 20:00:03,692 ----------------------------------------------------------------------------------------------------
2023-05-31 20:00:03,693 Corpus: "Corpus: 333 train + 41 dev + 41 test sentences"
2023-05-31 20:00:03,695 ----------------------------------------------------------------------------------------------------
2023-05-31 20:00:03,696 Parameters:
2023-05-31 20:00:03,700  - learning_rate: "0.100000"
2023-05-31 20:00:03,702  - mini_batch_size: "32"
2023-05-31 20:00:03,704  - patience: "3"
2023-05-31 20:00:03,706  - anneal_factor: "0.5"
2023-05-31 20:00:03,707  - max_epochs: "30"
2023-05-31 20:00:03,707  - shuffle: "True"
2023-05-31 20:00:03,708  - train_with_dev: "False"
2023-05-31 20:00:03,709  - batch_growth_annealing: "False"
2023-05-31 20:00:03,710 ----------------------------------------------------------------------------------------------------
2023-05-31 20:00:03,711 Model training base path: "resources/taggers/pet"
2023-05-31 20:00:03,712 ----------------------------------------------------------------------------------------------------
2023-05-31 20:00:03,713 Device: cuda:0
2023-05-31 20:00:03,714 ----------------------------------------------------------------------------------------------------
2023-05-31 20:00:03,715 Embeddings storage mode: cpu
2023-05-31 20:00:03,716 ----------------------------------------------------------------------------------------------------
2023-05-31 20:00:04,696 epoch 1 - iter 1/11 - loss 3.86728109 - time (sec): 0.98 - samples/sec: 626.41 - lr: 0.100000
2023-05-31 20:00:05,005 epoch 1 - iter 2/11 - loss 3.57195706 - time (sec): 1.29 - samples/sec: 908.91 - lr: 0.100000
2023-05-31 20:00:05,300 epoch 1 - iter 3/11 - loss 3.37663982 - time (sec): 1.58 - samples/sec: 1077.03 - lr: 0.100000
2023-05-31 20:00:05,693 epoch 1 - iter 4/11 - loss 3.22326845 - time (sec): 1.98 - samples/sec: 1201.42 - lr: 0.100000
2023-05-31 20:00:05,978 epoch 1 - iter 5/11 - loss 3.06240396 - time (sec): 2.26 - samples/sec: 1296.20 - lr: 0.100000
2023-05-31 20:00:06,275 epoch 1 - iter 6/11 - loss 3.06842665 - time (sec): 2.56 - samples/sec: 1380.15 - lr: 0.100000
2023-05-31 20:00:06,545 epoch 1 - iter 7/11 - loss 3.00599994 - time (sec): 2.83 - samples/sec: 1451.93 - lr: 0.100000
2023-05-31 20:00:06,818 epoch 1 - iter 8/11 - loss 2.97454241 - time (sec): 3.10 - samples/sec: 1519.62 - lr: 0.100000
2023-05-31 20:00:07,210 epoch 1 - iter 9/11 - loss 2.92293470 - time (sec): 3.49 - samples/sec: 1520.62 - lr: 0.100000
2023-05-31 20:00:07,487 epoch 1 - iter 10/11 - loss 2.90079255 - time (sec): 3.77 - samples/sec: 1542.82 - lr: 0.100000
2023-05-31 20:00:07,699 epoch 1 - iter 11/11 - loss 2.88920561 - time (sec): 3.98 - samples/sec: 1517.28 - lr: 0.100000
2023-05-31 20:00:07,701 ----------------------------------------------------------------------------------------------------
2023-05-31 20:00:07,703 EPOCH 1 done: loss 2.8892 - lr 0.100000
2023-05-31 20:00:08,223 Evaluating as a multi-label problem: False
2023-05-31 20:00:08,238 DEV : loss 2.7195746898651123 - f1-score (micro avg)  0.0
2023-05-31 20:00:08,243 BAD EPOCHS (no improvement): 0
2023-05-31 20:00:08,245 saving best model
2023-05-31 20:00:08,669 ----------------------------------------------------------------------------------------------------
2023-05-31 20:00:08,762 epoch 2 - iter 1/11 - loss 2.90619878 - time (sec): 0.09 - samples/sec: 6515.99 - lr: 0.100000
2023-05-31 20:00:08,843 epoch 2 - iter 2/11 - loss 2.78430099 - time (sec): 0.17 - samples/sec: 6496.93 - lr: 0.100000
2023-05-31 20:00:08,949 epoch 2 - iter 3/11 - loss 2.57119608 - time (sec): 0.28 - samples/sec: 6234.56 - lr: 0.100000
2023-05-31 20:00:09,036 epoch 2 - iter 4/11 - loss 2.50880488 - time (sec): 0.36 - samples/sec: 6186.86 - lr: 0.100000
2023-05-31 20:00:09,138 epoch 2 - iter 5/11 - loss 2.49557344 - time (sec): 0.47 - samples/sec: 6212.41 - lr: 0.100000
2023-05-31 20:00:09,249 epoch 2 - iter 6/11 - loss 2.48425272 - time (sec): 0.58 - samples/sec: 6117.49 - lr: 0.100000
2023-05-31 20:00:09,337 epoch 2 - iter 7/11 - loss 2.45534546 - time (sec): 0.67 - samples/sec: 6155.89 - lr: 0.100000
2023-05-31 20:00:09,428 epoch 2 - iter 8/11 - loss 2.47226083 - time (sec): 0.76 - samples/sec: 6224.50 - lr: 0.100000
2023-05-31 20:00:09,533 epoch 2 - iter 9/11 - loss 2.44012952 - time (sec): 0.86 - samples/sec: 6106.09 - lr: 0.100000
2023-05-31 20:00:09,619 epoch 2 - iter 10/11 - loss 2.44931423 - time (sec): 0.95 - samples/sec: 6117.73 - lr: 0.100000
2023-05-31 20:00:09,676 epoch 2 - iter 11/11 - loss 2.45348854 - time (sec): 1.00 - samples/sec: 6013.58 - lr: 0.100000
2023-05-31 20:00:09,679 ----------------------------------------------------------------------------------------------------
2023-05-31 20:00:09,680 EPOCH 2 done: loss 2.4535 - lr 0.100000
2023-05-31 20:00:09,858 Evaluating as a multi-label problem: False
2023-05-31 20:00:09,875 DEV : loss 2.513810396194458 - f1-score (micro avg)  0.0
2023-05-31 20:00:09,881 BAD EPOCHS (no improvement): 0
2023-05-31 20:00:09,882 ----------------------------------------------------------------------------------------------------
2023-05-31 20:00:09,963 epoch 3 - iter 1/11 - loss 2.31135963 - time (sec): 0.08 - samples/sec: 7376.77 - lr: 0.100000
2023-05-31 20:00:10,046 epoch 3 - iter 2/11 - loss 2.28996307 - time (sec): 0.16 - samples/sec: 6875.71 - lr: 0.100000
2023-05-31 20:00:10,128 epoch 3 - iter 3/11 - loss 2.37239736 - time (sec): 0.24 - samples/sec: 6987.53 - lr: 0.100000
2023-05-31 20:00:10,210 epoch 3 - iter 4/11 - loss 2.37579584 - time (sec): 0.33 - samples/sec: 6886.63 - lr: 0.100000
2023-05-31 20:00:10,317 epoch 3 - iter 5/11 - loss 2.37099238 - time (sec): 0.43 - samples/sec: 6553.26 - lr: 0.100000
2023-05-31 20:00:10,419 epoch 3 - iter 6/11 - loss 2.42797739 - time (sec): 0.54 - samples/sec: 6489.72 - lr: 0.100000
2023-05-31 20:00:10,529 epoch 3 - iter 7/11 - loss 2.40309414 - time (sec): 0.65 - samples/sec: 6315.65 - lr: 0.100000
2023-05-31 20:00:10,618 epoch 3 - iter 8/11 - loss 2.39585480 - time (sec): 0.73 - samples/sec: 6345.14 - lr: 0.100000
2023-05-31 20:00:10,723 epoch 3 - iter 9/11 - loss 2.38537381 - time (sec): 0.84 - samples/sec: 6246.67 - lr: 0.100000
2023-05-31 20:00:10,803 epoch 3 - iter 10/11 - loss 2.36253734 - time (sec): 0.92 - samples/sec: 6336.18 - lr: 0.100000
2023-05-31 20:00:10,847 epoch 3 - iter 11/11 - loss 2.36184893 - time (sec): 0.96 - samples/sec: 6269.04 - lr: 0.100000
2023-05-31 20:00:10,849 ----------------------------------------------------------------------------------------------------
2023-05-31 20:00:10,851 EPOCH 3 done: loss 2.3618 - lr 0.100000
2023-05-31 20:00:11,027 Evaluating as a multi-label problem: False
2023-05-31 20:00:11,041 DEV : loss 2.4221789836883545 - f1-score (micro avg)  0.0
2023-05-31 20:00:11,047 BAD EPOCHS (no improvement): 0
2023-05-31 20:00:11,048 ----------------------------------------------------------------------------------------------------
2023-05-31 20:00:11,137 epoch 4 - iter 1/11 - loss 2.43167471 - time (sec): 0.09 - samples/sec: 6860.07 - lr: 0.100000
2023-05-31 20:00:11,229 epoch 4 - iter 2/11 - loss 2.40364906 - time (sec): 0.18 - samples/sec: 6844.24 - lr: 0.100000
2023-05-31 20:00:11,334 epoch 4 - iter 3/11 - loss 2.32228082 - time (sec): 0.28 - samples/sec: 6284.06 - lr: 0.100000
2023-05-31 20:00:11,421 epoch 4 - iter 4/11 - loss 2.26928325 - time (sec): 0.37 - samples/sec: 6308.11 - lr: 0.100000
2023-05-31 20:00:11,504 epoch 4 - iter 5/11 - loss 2.27610225 - time (sec): 0.45 - samples/sec: 6303.26 - lr: 0.100000
2023-05-31 20:00:11,587 epoch 4 - iter 6/11 - loss 2.28055357 - time (sec): 0.54 - samples/sec: 6328.10 - lr: 0.100000
2023-05-31 20:00:11,692 epoch 4 - iter 7/11 - loss 2.30334598 - time (sec): 0.64 - samples/sec: 6228.75 - lr: 0.100000
2023-05-31 20:00:11,790 epoch 4 - iter 8/11 - loss 2.26678955 - time (sec): 0.74 - samples/sec: 6200.64 - lr: 0.100000
2023-05-31 20:00:11,897 epoch 4 - iter 9/11 - loss 2.28594096 - time (sec): 0.85 - samples/sec: 6129.50 - lr: 0.100000
2023-05-31 20:00:11,984 epoch 4 - iter 10/11 - loss 2.28596478 - time (sec): 0.93 - samples/sec: 6231.36 - lr: 0.100000
2023-05-31 20:00:12,028 epoch 4 - iter 11/11 - loss 2.26855508 - time (sec): 0.98 - samples/sec: 6181.74 - lr: 0.100000
2023-05-31 20:00:12,030 ----------------------------------------------------------------------------------------------------
2023-05-31 20:00:12,032 EPOCH 4 done: loss 2.2686 - lr 0.100000
2023-05-31 20:00:12,205 Evaluating as a multi-label problem: False
2023-05-31 20:00:12,219 DEV : loss 2.2958741188049316 - f1-score (micro avg)  0.0
2023-05-31 20:00:12,225 BAD EPOCHS (no improvement): 0
2023-05-31 20:00:12,227 ----------------------------------------------------------------------------------------------------
2023-05-31 20:00:12,335 epoch 5 - iter 1/11 - loss 2.25227667 - time (sec): 0.11 - samples/sec: 5754.91 - lr: 0.100000
2023-05-31 20:00:12,420 epoch 5 - iter 2/11 - loss 2.25291212 - time (sec): 0.19 - samples/sec: 5868.07 - lr: 0.100000
2023-05-31 20:00:12,528 epoch 5 - iter 3/11 - loss 2.26996483 - time (sec): 0.30 - samples/sec: 5814.09 - lr: 0.100000
2023-05-31 20:00:12,616 epoch 5 - iter 4/11 - loss 2.21517445 - time (sec): 0.39 - samples/sec: 6061.55 - lr: 0.100000
2023-05-31 20:00:12,695 epoch 5 - iter 5/11 - loss 2.21656591 - time (sec): 0.47 - samples/sec: 6164.65 - lr: 0.100000
2023-05-31 20:00:12,774 epoch 5 - iter 6/11 - loss 2.15367957 - time (sec): 0.55 - samples/sec: 6233.68 - lr: 0.100000
2023-05-31 20:00:12,873 epoch 5 - iter 7/11 - loss 2.13475559 - time (sec): 0.64 - samples/sec: 6248.34 - lr: 0.100000
2023-05-31 20:00:12,960 epoch 5 - iter 8/11 - loss 2.14150619 - time (sec): 0.73 - samples/sec: 6305.85 - lr: 0.100000
2023-05-31 20:00:13,067 epoch 5 - iter 9/11 - loss 2.12643750 - time (sec): 0.84 - samples/sec: 6151.12 - lr: 0.100000
2023-05-31 20:00:13,157 epoch 5 - iter 10/11 - loss 2.14262639 - time (sec): 0.93 - samples/sec: 6252.96 - lr: 0.100000
2023-05-31 20:00:13,205 epoch 5 - iter 11/11 - loss 2.15317454 - time (sec): 0.98 - samples/sec: 6184.10 - lr: 0.100000
2023-05-31 20:00:13,206 ----------------------------------------------------------------------------------------------------
2023-05-31 20:00:13,209 EPOCH 5 done: loss 2.1532 - lr 0.100000
2023-05-31 20:00:13,384 Evaluating as a multi-label problem: False
2023-05-31 20:00:13,397 DEV : loss 2.1546311378479004 - f1-score (micro avg)  0.0
2023-05-31 20:00:13,402 BAD EPOCHS (no improvement): 0
2023-05-31 20:00:13,404 ----------------------------------------------------------------------------------------------------
2023-05-31 20:00:13,482 epoch 6 - iter 1/11 - loss 2.09567861 - time (sec): 0.08 - samples/sec: 6282.19 - lr: 0.100000
2023-05-31 20:00:13,571 epoch 6 - iter 2/11 - loss 2.12389531 - time (sec): 0.17 - samples/sec: 6539.92 - lr: 0.100000
2023-05-31 20:00:13,654 epoch 6 - iter 3/11 - loss 2.09659746 - time (sec): 0.25 - samples/sec: 6537.74 - lr: 0.100000
2023-05-31 20:00:13,765 epoch 6 - iter 4/11 - loss 2.10161317 - time (sec): 0.36 - samples/sec: 6280.52 - lr: 0.100000
2023-05-31 20:00:13,842 epoch 6 - iter 5/11 - loss 2.06859380 - time (sec): 0.44 - samples/sec: 6342.93 - lr: 0.100000
2023-05-31 20:00:13,956 epoch 6 - iter 6/11 - loss 1.98533983 - time (sec): 0.55 - samples/sec: 6321.37 - lr: 0.100000
2023-05-31 20:00:14,033 epoch 6 - iter 7/11 - loss 2.03382901 - time (sec): 0.63 - samples/sec: 6349.31 - lr: 0.100000
2023-05-31 20:00:14,120 epoch 6 - iter 8/11 - loss 2.03595378 - time (sec): 0.72 - samples/sec: 6426.44 - lr: 0.100000
2023-05-31 20:00:14,229 epoch 6 - iter 9/11 - loss 2.02844227 - time (sec): 0.82 - samples/sec: 6315.35 - lr: 0.100000
2023-05-31 20:00:14,313 epoch 6 - iter 10/11 - loss 2.04393230 - time (sec): 0.91 - samples/sec: 6352.72 - lr: 0.100000
2023-05-31 20:00:14,365 epoch 6 - iter 11/11 - loss 2.04516916 - time (sec): 0.96 - samples/sec: 6288.07 - lr: 0.100000
2023-05-31 20:00:14,367 ----------------------------------------------------------------------------------------------------
2023-05-31 20:00:14,369 EPOCH 6 done: loss 2.0452 - lr 0.100000
2023-05-31 20:00:14,542 Evaluating as a multi-label problem: False
2023-05-31 20:00:14,555 DEV : loss 2.127260446548462 - f1-score (micro avg)  0.0
2023-05-31 20:00:14,560 BAD EPOCHS (no improvement): 0
2023-05-31 20:00:14,562 ----------------------------------------------------------------------------------------------------
2023-05-31 20:00:14,644 epoch 7 - iter 1/11 - loss 2.14720371 - time (sec): 0.08 - samples/sec: 6726.46 - lr: 0.100000
2023-05-31 20:00:14,752 epoch 7 - iter 2/11 - loss 2.13991622 - time (sec): 0.19 - samples/sec: 6037.88 - lr: 0.100000
2023-05-31 20:00:14,827 epoch 7 - iter 3/11 - loss 2.07396994 - time (sec): 0.26 - samples/sec: 6233.52 - lr: 0.100000
2023-05-31 20:00:14,914 epoch 7 - iter 4/11 - loss 2.01531686 - time (sec): 0.35 - samples/sec: 6389.59 - lr: 0.100000
2023-05-31 20:00:14,990 epoch 7 - iter 5/11 - loss 2.01730775 - time (sec): 0.43 - samples/sec: 6440.25 - lr: 0.100000
2023-05-31 20:00:15,077 epoch 7 - iter 6/11 - loss 2.01830058 - time (sec): 0.51 - samples/sec: 6507.53 - lr: 0.100000
2023-05-31 20:00:15,167 epoch 7 - iter 7/11 - loss 2.02880943 - time (sec): 0.60 - samples/sec: 6521.07 - lr: 0.100000
2023-05-31 20:00:15,543 epoch 7 - iter 8/11 - loss 1.99475073 - time (sec): 0.98 - samples/sec: 4598.52 - lr: 0.100000
2023-05-31 20:00:15,658 epoch 7 - iter 9/11 - loss 1.96338171 - time (sec): 1.09 - samples/sec: 4727.67 - lr: 0.100000
2023-05-31 20:00:15,767 epoch 7 - iter 10/11 - loss 1.95712392 - time (sec): 1.20 - samples/sec: 4827.40 - lr: 0.100000
2023-05-31 20:00:15,815 epoch 7 - iter 11/11 - loss 1.97507870 - time (sec): 1.25 - samples/sec: 4828.26 - lr: 0.100000
2023-05-31 20:00:15,816 ----------------------------------------------------------------------------------------------------
2023-05-31 20:00:15,818 EPOCH 7 done: loss 1.9751 - lr 0.100000
2023-05-31 20:00:15,997 Evaluating as a multi-label problem: False
2023-05-31 20:00:16,010 DEV : loss 2.0270817279815674 - f1-score (micro avg)  0.0
2023-05-31 20:00:16,016 BAD EPOCHS (no improvement): 0
2023-05-31 20:00:16,018 ----------------------------------------------------------------------------------------------------
2023-05-31 20:00:16,126 epoch 8 - iter 1/11 - loss 1.88046423 - time (sec): 0.11 - samples/sec: 5372.53 - lr: 0.100000
2023-05-31 20:00:16,216 epoch 8 - iter 2/11 - loss 1.98000152 - time (sec): 0.20 - samples/sec: 6117.86 - lr: 0.100000
2023-05-31 20:00:16,294 epoch 8 - iter 3/11 - loss 1.90815012 - time (sec): 0.28 - samples/sec: 6230.28 - lr: 0.100000
2023-05-31 20:00:16,386 epoch 8 - iter 4/11 - loss 1.90984387 - time (sec): 0.37 - samples/sec: 6428.43 - lr: 0.100000
2023-05-31 20:00:16,488 epoch 8 - iter 5/11 - loss 1.90882047 - time (sec): 0.47 - samples/sec: 6285.21 - lr: 0.100000
2023-05-31 20:00:16,593 epoch 8 - iter 6/11 - loss 1.91279821 - time (sec): 0.57 - samples/sec: 6107.36 - lr: 0.100000
2023-05-31 20:00:16,721 epoch 8 - iter 7/11 - loss 1.89796639 - time (sec): 0.70 - samples/sec: 5943.43 - lr: 0.100000
2023-05-31 20:00:16,807 epoch 8 - iter 8/11 - loss 1.91490635 - time (sec): 0.79 - samples/sec: 5951.38 - lr: 0.100000
2023-05-31 20:00:16,881 epoch 8 - iter 9/11 - loss 1.91932189 - time (sec): 0.86 - samples/sec: 6035.23 - lr: 0.100000
2023-05-31 20:00:16,989 epoch 8 - iter 10/11 - loss 1.89400090 - time (sec): 0.97 - samples/sec: 5986.47 - lr: 0.100000
2023-05-31 20:00:17,043 epoch 8 - iter 11/11 - loss 1.89506601 - time (sec): 1.02 - samples/sec: 5899.67 - lr: 0.100000
2023-05-31 20:00:17,045 ----------------------------------------------------------------------------------------------------
2023-05-31 20:00:17,046 EPOCH 8 done: loss 1.8951 - lr 0.100000
2023-05-31 20:00:17,226 Evaluating as a multi-label problem: False
2023-05-31 20:00:17,240 DEV : loss 1.9540516138076782 - f1-score (micro avg)  0.0
2023-05-31 20:00:17,246 BAD EPOCHS (no improvement): 0
2023-05-31 20:00:17,247 ----------------------------------------------------------------------------------------------------
2023-05-31 20:00:17,367 epoch 9 - iter 1/11 - loss 1.98858484 - time (sec): 0.12 - samples/sec: 4961.33 - lr: 0.100000
2023-05-31 20:00:17,444 epoch 9 - iter 2/11 - loss 1.99035149 - time (sec): 0.19 - samples/sec: 5700.72 - lr: 0.100000
2023-05-31 20:00:17,524 epoch 9 - iter 3/11 - loss 1.94473723 - time (sec): 0.27 - samples/sec: 6063.37 - lr: 0.100000
2023-05-31 20:00:17,613 epoch 9 - iter 4/11 - loss 1.88457772 - time (sec): 0.36 - samples/sec: 6235.15 - lr: 0.100000
2023-05-31 20:00:17,714 epoch 9 - iter 5/11 - loss 1.89980220 - time (sec): 0.46 - samples/sec: 6290.93 - lr: 0.100000
2023-05-31 20:00:17,833 epoch 9 - iter 6/11 - loss 1.88656246 - time (sec): 0.58 - samples/sec: 6089.64 - lr: 0.100000
2023-05-31 20:00:17,932 epoch 9 - iter 7/11 - loss 1.84397080 - time (sec): 0.68 - samples/sec: 5923.65 - lr: 0.100000
2023-05-31 20:00:18,055 epoch 9 - iter 8/11 - loss 1.83681768 - time (sec): 0.81 - samples/sec: 5792.69 - lr: 0.100000
2023-05-31 20:00:18,145 epoch 9 - iter 9/11 - loss 1.83730137 - time (sec): 0.90 - samples/sec: 5810.34 - lr: 0.100000
2023-05-31 20:00:18,239 epoch 9 - iter 10/11 - loss 1.80966399 - time (sec): 0.99 - samples/sec: 5867.91 - lr: 0.100000
2023-05-31 20:00:18,295 epoch 9 - iter 11/11 - loss 1.80236244 - time (sec): 1.05 - samples/sec: 5779.96 - lr: 0.100000
2023-05-31 20:00:18,298 ----------------------------------------------------------------------------------------------------
2023-05-31 20:00:18,300 EPOCH 9 done: loss 1.8024 - lr 0.100000
2023-05-31 20:00:18,489 Evaluating as a multi-label problem: False
2023-05-31 20:00:18,506 DEV : loss 1.867714524269104 - f1-score (micro avg)  0.0
2023-05-31 20:00:18,511 BAD EPOCHS (no improvement): 0
2023-05-31 20:00:18,513 ----------------------------------------------------------------------------------------------------
2023-05-31 20:00:18,615 epoch 10 - iter 1/11 - loss 1.61911961 - time (sec): 0.10 - samples/sec: 6059.17 - lr: 0.100000
2023-05-31 20:00:18,693 epoch 10 - iter 2/11 - loss 1.63936847 - time (sec): 0.18 - samples/sec: 6184.98 - lr: 0.100000
2023-05-31 20:00:18,784 epoch 10 - iter 3/11 - loss 1.65214299 - time (sec): 0.27 - samples/sec: 6263.43 - lr: 0.100000
2023-05-31 20:00:18,900 epoch 10 - iter 4/11 - loss 1.63691483 - time (sec): 0.39 - samples/sec: 6212.21 - lr: 0.100000
2023-05-31 20:00:18,997 epoch 10 - iter 5/11 - loss 1.71427534 - time (sec): 0.48 - samples/sec: 6221.15 - lr: 0.100000
2023-05-31 20:00:19,119 epoch 10 - iter 6/11 - loss 1.69954416 - time (sec): 0.60 - samples/sec: 6030.78 - lr: 0.100000
2023-05-31 20:00:19,203 epoch 10 - iter 7/11 - loss 1.69683834 - time (sec): 0.69 - samples/sec: 6117.78 - lr: 0.100000
2023-05-31 20:00:19,296 epoch 10 - iter 8/11 - loss 1.70255841 - time (sec): 0.78 - samples/sec: 6134.96 - lr: 0.100000
2023-05-31 20:00:19,389 epoch 10 - iter 9/11 - loss 1.70550991 - time (sec): 0.87 - samples/sec: 6066.14 - lr: 0.100000
2023-05-31 20:00:19,505 epoch 10 - iter 10/11 - loss 1.69688224 - time (sec): 0.99 - samples/sec: 5919.37 - lr: 0.100000
2023-05-31 20:00:19,545 epoch 10 - iter 11/11 - loss 1.70972491 - time (sec): 1.03 - samples/sec: 5863.82 - lr: 0.100000
2023-05-31 20:00:19,546 ----------------------------------------------------------------------------------------------------
2023-05-31 20:00:19,548 EPOCH 10 done: loss 1.7097 - lr 0.100000
2023-05-31 20:00:19,741 Evaluating as a multi-label problem: False
2023-05-31 20:00:19,761 DEV : loss 1.7830407619476318 - f1-score (micro avg)  0.0
2023-05-31 20:00:19,768 BAD EPOCHS (no improvement): 0
2023-05-31 20:00:19,770 ----------------------------------------------------------------------------------------------------
2023-05-31 20:00:19,885 epoch 11 - iter 1/11 - loss 1.53159483 - time (sec): 0.11 - samples/sec: 5193.28 - lr: 0.100000
2023-05-31 20:00:19,995 epoch 11 - iter 2/11 - loss 1.56550948 - time (sec): 0.22 - samples/sec: 5279.44 - lr: 0.100000
2023-05-31 20:00:20,088 epoch 11 - iter 3/11 - loss 1.55112779 - time (sec): 0.32 - samples/sec: 5495.40 - lr: 0.100000
2023-05-31 20:00:20,184 epoch 11 - iter 4/11 - loss 1.54078231 - time (sec): 0.41 - samples/sec: 5690.98 - lr: 0.100000
2023-05-31 20:00:20,294 epoch 11 - iter 5/11 - loss 1.55777830 - time (sec): 0.52 - samples/sec: 5518.61 - lr: 0.100000
2023-05-31 20:00:20,384 epoch 11 - iter 6/11 - loss 1.60777435 - time (sec): 0.61 - samples/sec: 5633.66 - lr: 0.100000
2023-05-31 20:00:20,469 epoch 11 - iter 7/11 - loss 1.60131438 - time (sec): 0.70 - samples/sec: 5766.85 - lr: 0.100000
2023-05-31 20:00:20,552 epoch 11 - iter 8/11 - loss 1.63264245 - time (sec): 0.78 - samples/sec: 5898.52 - lr: 0.100000
2023-05-31 20:00:20,641 epoch 11 - iter 9/11 - loss 1.64321107 - time (sec): 0.87 - samples/sec: 6049.54 - lr: 0.100000
2023-05-31 20:00:20,726 epoch 11 - iter 10/11 - loss 1.66012849 - time (sec): 0.95 - samples/sec: 6091.37 - lr: 0.100000
2023-05-31 20:00:20,774 epoch 11 - iter 11/11 - loss 1.65732399 - time (sec): 1.00 - samples/sec: 6029.26 - lr: 0.100000
2023-05-31 20:00:20,776 ----------------------------------------------------------------------------------------------------
2023-05-31 20:00:20,777 EPOCH 11 done: loss 1.6573 - lr 0.100000
2023-05-31 20:00:20,954 Evaluating as a multi-label problem: False
2023-05-31 20:00:20,968 DEV : loss 1.7832340002059937 - f1-score (micro avg)  0.0
2023-05-31 20:00:20,973 BAD EPOCHS (no improvement): 1
2023-05-31 20:00:20,974 ----------------------------------------------------------------------------------------------------
2023-05-31 20:00:21,060 epoch 12 - iter 1/11 - loss 1.59963272 - time (sec): 0.08 - samples/sec: 6529.72 - lr: 0.100000
2023-05-31 20:00:21,166 epoch 12 - iter 2/11 - loss 1.56047490 - time (sec): 0.19 - samples/sec: 6181.98 - lr: 0.100000
2023-05-31 20:00:21,273 epoch 12 - iter 3/11 - loss 1.53425328 - time (sec): 0.30 - samples/sec: 6015.60 - lr: 0.100000
2023-05-31 20:00:21,376 epoch 12 - iter 4/11 - loss 1.57626251 - time (sec): 0.40 - samples/sec: 5914.59 - lr: 0.100000
2023-05-31 20:00:21,463 epoch 12 - iter 5/11 - loss 1.58045924 - time (sec): 0.49 - samples/sec: 6046.43 - lr: 0.100000
2023-05-31 20:00:21,547 epoch 12 - iter 6/11 - loss 1.61302654 - time (sec): 0.57 - samples/sec: 6131.71 - lr: 0.100000
2023-05-31 20:00:21,631 epoch 12 - iter 7/11 - loss 1.63342094 - time (sec): 0.66 - samples/sec: 6226.19 - lr: 0.100000
2023-05-31 20:00:21,728 epoch 12 - iter 8/11 - loss 1.63370400 - time (sec): 0.75 - samples/sec: 6222.79 - lr: 0.100000
2023-05-31 20:00:21,808 epoch 12 - iter 9/11 - loss 1.62816565 - time (sec): 0.83 - samples/sec: 6294.22 - lr: 0.100000
2023-05-31 20:00:21,896 epoch 12 - iter 10/11 - loss 1.60960628 - time (sec): 0.92 - samples/sec: 6320.56 - lr: 0.100000
2023-05-31 20:00:21,941 epoch 12 - iter 11/11 - loss 1.60797912 - time (sec): 0.96 - samples/sec: 6261.51 - lr: 0.100000
2023-05-31 20:00:21,942 ----------------------------------------------------------------------------------------------------
2023-05-31 20:00:21,944 EPOCH 12 done: loss 1.6080 - lr 0.100000
2023-05-31 20:00:22,120 Evaluating as a multi-label problem: False
2023-05-31 20:00:22,134 DEV : loss 1.6905204057693481 - f1-score (micro avg)  0.0
2023-05-31 20:00:22,139 BAD EPOCHS (no improvement): 0
2023-05-31 20:00:22,140 ----------------------------------------------------------------------------------------------------
2023-05-31 20:00:22,224 epoch 13 - iter 1/11 - loss 1.71942244 - time (sec): 0.08 - samples/sec: 7060.73 - lr: 0.100000
2023-05-31 20:00:22,292 epoch 13 - iter 2/11 - loss 1.64456701 - time (sec): 0.15 - samples/sec: 7101.82 - lr: 0.100000
2023-05-31 20:00:22,388 epoch 13 - iter 3/11 - loss 1.57400563 - time (sec): 0.25 - samples/sec: 6840.63 - lr: 0.100000
2023-05-31 20:00:22,494 epoch 13 - iter 4/11 - loss 1.51827682 - time (sec): 0.35 - samples/sec: 6562.64 - lr: 0.100000
2023-05-31 20:00:22,583 epoch 13 - iter 5/11 - loss 1.50738673 - time (sec): 0.44 - samples/sec: 6575.59 - lr: 0.100000
2023-05-31 20:00:22,665 epoch 13 - iter 6/11 - loss 1.50753472 - time (sec): 0.52 - samples/sec: 6666.59 - lr: 0.100000
2023-05-31 20:00:22,745 epoch 13 - iter 7/11 - loss 1.53793066 - time (sec): 0.60 - samples/sec: 6697.75 - lr: 0.100000
2023-05-31 20:00:22,832 epoch 13 - iter 8/11 - loss 1.53481446 - time (sec): 0.69 - samples/sec: 6730.28 - lr: 0.100000
2023-05-31 20:00:22,935 epoch 13 - iter 9/11 - loss 1.54891085 - time (sec): 0.79 - samples/sec: 6616.73 - lr: 0.100000
2023-05-31 20:00:23,019 epoch 13 - iter 10/11 - loss 1.54300874 - time (sec): 0.88 - samples/sec: 6653.80 - lr: 0.100000
2023-05-31 20:00:23,068 epoch 13 - iter 11/11 - loss 1.53545736 - time (sec): 0.93 - samples/sec: 6524.84 - lr: 0.100000
2023-05-31 20:00:23,071 ----------------------------------------------------------------------------------------------------
2023-05-31 20:00:23,072 EPOCH 13 done: loss 1.5355 - lr 0.100000
2023-05-31 20:00:23,243 Evaluating as a multi-label problem: False
2023-05-31 20:00:23,257 DEV : loss 1.6667466163635254 - f1-score (micro avg)  0.0
2023-05-31 20:00:23,262 BAD EPOCHS (no improvement): 0
2023-05-31 20:00:23,264 ----------------------------------------------------------------------------------------------------
2023-05-31 20:00:23,355 epoch 14 - iter 1/11 - loss 1.76073365 - time (sec): 0.09 - samples/sec: 6850.58 - lr: 0.100000
2023-05-31 20:00:23,440 epoch 14 - iter 2/11 - loss 1.67419454 - time (sec): 0.17 - samples/sec: 6876.44 - lr: 0.100000
2023-05-31 20:00:23,546 epoch 14 - iter 3/11 - loss 1.59152460 - time (sec): 0.28 - samples/sec: 6309.08 - lr: 0.100000
2023-05-31 20:00:23,652 epoch 14 - iter 4/11 - loss 1.58280612 - time (sec): 0.39 - samples/sec: 6125.83 - lr: 0.100000
2023-05-31 20:00:23,746 epoch 14 - iter 5/11 - loss 1.53280114 - time (sec): 0.48 - samples/sec: 6147.20 - lr: 0.100000
2023-05-31 20:00:23,833 epoch 14 - iter 6/11 - loss 1.50850471 - time (sec): 0.57 - samples/sec: 6330.18 - lr: 0.100000
2023-05-31 20:00:23,910 epoch 14 - iter 7/11 - loss 1.51155698 - time (sec): 0.64 - samples/sec: 6390.17 - lr: 0.100000
2023-05-31 20:00:23,990 epoch 14 - iter 8/11 - loss 1.50580528 - time (sec): 0.72 - samples/sec: 6453.98 - lr: 0.100000
2023-05-31 20:00:24,091 epoch 14 - iter 9/11 - loss 1.48981386 - time (sec): 0.83 - samples/sec: 6343.60 - lr: 0.100000
2023-05-31 20:00:24,165 epoch 14 - iter 10/11 - loss 1.50077585 - time (sec): 0.90 - samples/sec: 6421.11 - lr: 0.100000
2023-05-31 20:00:24,213 epoch 14 - iter 11/11 - loss 1.50392630 - time (sec): 0.95 - samples/sec: 6376.63 - lr: 0.100000
2023-05-31 20:00:24,215 ----------------------------------------------------------------------------------------------------
2023-05-31 20:00:24,216 EPOCH 14 done: loss 1.5039 - lr 0.100000
2023-05-31 20:00:24,396 Evaluating as a multi-label problem: False
2023-05-31 20:00:24,410 DEV : loss 1.611826777458191 - f1-score (micro avg)  0.0
2023-05-31 20:00:24,415 BAD EPOCHS (no improvement): 0
2023-05-31 20:00:24,416 ----------------------------------------------------------------------------------------------------
2023-05-31 20:00:24,521 epoch 15 - iter 1/11 - loss 1.48670087 - time (sec): 0.10 - samples/sec: 5581.62 - lr: 0.100000
2023-05-31 20:00:24,616 epoch 15 - iter 2/11 - loss 1.50204707 - time (sec): 0.20 - samples/sec: 5960.40 - lr: 0.100000
2023-05-31 20:00:24,696 epoch 15 - iter 3/11 - loss 1.52481119 - time (sec): 0.28 - samples/sec: 6337.23 - lr: 0.100000
2023-05-31 20:00:24,775 epoch 15 - iter 4/11 - loss 1.50159523 - time (sec): 0.36 - samples/sec: 6480.95 - lr: 0.100000
2023-05-31 20:00:24,863 epoch 15 - iter 5/11 - loss 1.49325092 - time (sec): 0.45 - samples/sec: 6518.18 - lr: 0.100000
2023-05-31 20:00:24,964 epoch 15 - iter 6/11 - loss 1.47634192 - time (sec): 0.55 - samples/sec: 6436.29 - lr: 0.100000
2023-05-31 20:00:25,053 epoch 15 - iter 7/11 - loss 1.48574562 - time (sec): 0.64 - samples/sec: 6481.87 - lr: 0.100000
2023-05-31 20:00:25,139 epoch 15 - iter 8/11 - loss 1.46338453 - time (sec): 0.72 - samples/sec: 6498.88 - lr: 0.100000
2023-05-31 20:00:25,223 epoch 15 - iter 9/11 - loss 1.44634300 - time (sec): 0.81 - samples/sec: 6486.14 - lr: 0.100000
2023-05-31 20:00:25,330 epoch 15 - iter 10/11 - loss 1.46789241 - time (sec): 0.91 - samples/sec: 6389.27 - lr: 0.100000
2023-05-31 20:00:25,374 epoch 15 - iter 11/11 - loss 1.45902646 - time (sec): 0.96 - samples/sec: 6317.04 - lr: 0.100000
2023-05-31 20:00:25,376 ----------------------------------------------------------------------------------------------------
2023-05-31 20:00:25,378 EPOCH 15 done: loss 1.4590 - lr 0.100000
2023-05-31 20:00:25,563 Evaluating as a multi-label problem: False
2023-05-31 20:00:25,576 DEV : loss 1.6081271171569824 - f1-score (micro avg)  0.0
2023-05-31 20:00:25,582 BAD EPOCHS (no improvement): 0
2023-05-31 20:00:25,584 ----------------------------------------------------------------------------------------------------
2023-05-31 20:00:25,665 epoch 16 - iter 1/11 - loss 1.20930003 - time (sec): 0.08 - samples/sec: 6874.25 - lr: 0.100000
2023-05-31 20:00:25,738 epoch 16 - iter 2/11 - loss 1.23200347 - time (sec): 0.15 - samples/sec: 6915.81 - lr: 0.100000
2023-05-31 20:00:25,848 epoch 16 - iter 3/11 - loss 1.34787586 - time (sec): 0.26 - samples/sec: 6543.29 - lr: 0.100000
2023-05-31 20:00:25,937 epoch 16 - iter 4/11 - loss 1.39203279 - time (sec): 0.35 - samples/sec: 6659.59 - lr: 0.100000
2023-05-31 20:00:26,023 epoch 16 - iter 5/11 - loss 1.42463240 - time (sec): 0.44 - samples/sec: 6648.54 - lr: 0.100000
2023-05-31 20:00:26,130 epoch 16 - iter 6/11 - loss 1.45306043 - time (sec): 0.54 - samples/sec: 6460.28 - lr: 0.100000
2023-05-31 20:00:26,217 epoch 16 - iter 7/11 - loss 1.45956201 - time (sec): 0.63 - samples/sec: 6559.45 - lr: 0.100000
2023-05-31 20:00:26,315 epoch 16 - iter 8/11 - loss 1.44388829 - time (sec): 0.73 - samples/sec: 6491.90 - lr: 0.100000
2023-05-31 20:00:26,401 epoch 16 - iter 9/11 - loss 1.41864973 - time (sec): 0.81 - samples/sec: 6490.40 - lr: 0.100000
2023-05-31 20:00:26,483 epoch 16 - iter 10/11 - loss 1.41946192 - time (sec): 0.90 - samples/sec: 6480.97 - lr: 0.100000
2023-05-31 20:00:26,534 epoch 16 - iter 11/11 - loss 1.41583715 - time (sec): 0.95 - samples/sec: 6381.73 - lr: 0.100000
2023-05-31 20:00:26,536 ----------------------------------------------------------------------------------------------------
2023-05-31 20:00:26,537 EPOCH 16 done: loss 1.4158 - lr 0.100000
2023-05-31 20:00:26,713 Evaluating as a multi-label problem: False
2023-05-31 20:00:26,727 DEV : loss 1.5458003282546997 - f1-score (micro avg)  0.0
2023-05-31 20:00:26,732 BAD EPOCHS (no improvement): 0
2023-05-31 20:00:26,733 ----------------------------------------------------------------------------------------------------
2023-05-31 20:00:26,822 epoch 17 - iter 1/11 - loss 1.28240264 - time (sec): 0.09 - samples/sec: 6821.32 - lr: 0.100000
2023-05-31 20:00:26,914 epoch 17 - iter 2/11 - loss 1.28219951 - time (sec): 0.18 - samples/sec: 6391.33 - lr: 0.100000
2023-05-31 20:00:26,985 epoch 17 - iter 3/11 - loss 1.26988038 - time (sec): 0.25 - samples/sec: 6679.64 - lr: 0.100000
2023-05-31 20:00:27,069 epoch 17 - iter 4/11 - loss 1.31478991 - time (sec): 0.33 - samples/sec: 6742.51 - lr: 0.100000
2023-05-31 20:00:27,168 epoch 17 - iter 5/11 - loss 1.33661467 - time (sec): 0.43 - samples/sec: 6497.62 - lr: 0.100000
2023-05-31 20:00:27,257 epoch 17 - iter 6/11 - loss 1.38421018 - time (sec): 0.52 - samples/sec: 6563.52 - lr: 0.100000
2023-05-31 20:00:27,333 epoch 17 - iter 7/11 - loss 1.38246781 - time (sec): 0.60 - samples/sec: 6629.02 - lr: 0.100000
2023-05-31 20:00:27,441 epoch 17 - iter 8/11 - loss 1.40583422 - time (sec): 0.71 - samples/sec: 6584.00 - lr: 0.100000
2023-05-31 20:00:27,530 epoch 17 - iter 9/11 - loss 1.40436953 - time (sec): 0.80 - samples/sec: 6611.35 - lr: 0.100000
2023-05-31 20:00:27,605 epoch 17 - iter 10/11 - loss 1.39864549 - time (sec): 0.87 - samples/sec: 6592.68 - lr: 0.100000
2023-05-31 20:00:27,675 epoch 17 - iter 11/11 - loss 1.39809731 - time (sec): 0.94 - samples/sec: 6423.16 - lr: 0.100000
2023-05-31 20:00:27,677 ----------------------------------------------------------------------------------------------------
2023-05-31 20:00:27,679 EPOCH 17 done: loss 1.3981 - lr 0.100000
2023-05-31 20:00:27,854 Evaluating as a multi-label problem: False
2023-05-31 20:00:27,867 DEV : loss 1.559977412223816 - f1-score (micro avg)  0.0
2023-05-31 20:00:27,872 BAD EPOCHS (no improvement): 1
2023-05-31 20:00:27,874 ----------------------------------------------------------------------------------------------------
2023-05-31 20:00:27,956 epoch 18 - iter 1/11 - loss 1.36654038 - time (sec): 0.08 - samples/sec: 7284.32 - lr: 0.100000
2023-05-31 20:00:28,050 epoch 18 - iter 2/11 - loss 1.37145453 - time (sec): 0.17 - samples/sec: 6450.18 - lr: 0.100000
2023-05-31 20:00:28,139 epoch 18 - iter 3/11 - loss 1.30174103 - time (sec): 0.26 - samples/sec: 6555.23 - lr: 0.100000
2023-05-31 20:00:28,246 epoch 18 - iter 4/11 - loss 1.33171548 - time (sec): 0.37 - samples/sec: 6202.17 - lr: 0.100000
2023-05-31 20:00:28,330 epoch 18 - iter 5/11 - loss 1.32017150 - time (sec): 0.45 - samples/sec: 6274.34 - lr: 0.100000
2023-05-31 20:00:28,409 epoch 18 - iter 6/11 - loss 1.34440413 - time (sec): 0.53 - samples/sec: 6205.74 - lr: 0.100000
2023-05-31 20:00:28,512 epoch 18 - iter 7/11 - loss 1.32052353 - time (sec): 0.64 - samples/sec: 6082.94 - lr: 0.100000
2023-05-31 20:00:28,591 epoch 18 - iter 8/11 - loss 1.35033749 - time (sec): 0.72 - samples/sec: 6220.78 - lr: 0.100000
2023-05-31 20:00:28,703 epoch 18 - iter 9/11 - loss 1.33173094 - time (sec): 0.83 - samples/sec: 6209.82 - lr: 0.100000
2023-05-31 20:00:28,796 epoch 18 - iter 10/11 - loss 1.34941613 - time (sec): 0.92 - samples/sec: 6349.46 - lr: 0.100000
2023-05-31 20:00:28,844 epoch 18 - iter 11/11 - loss 1.35364252 - time (sec): 0.97 - samples/sec: 6244.49 - lr: 0.100000
2023-05-31 20:00:28,845 ----------------------------------------------------------------------------------------------------
2023-05-31 20:00:28,847 EPOCH 18 done: loss 1.3536 - lr 0.100000
2023-05-31 20:00:29,030 Evaluating as a multi-label problem: False
2023-05-31 20:00:29,046 DEV : loss 1.4987215995788574 - f1-score (micro avg)  0.034
2023-05-31 20:00:29,056 BAD EPOCHS (no improvement): 0
2023-05-31 20:00:29,058 saving best model
2023-05-31 20:00:29,616 ----------------------------------------------------------------------------------------------------
2023-05-31 20:00:29,712 epoch 19 - iter 1/11 - loss 1.22934520 - time (sec): 0.09 - samples/sec: 6263.39 - lr: 0.100000
2023-05-31 20:00:29,799 epoch 19 - iter 2/11 - loss 1.27723443 - time (sec): 0.18 - samples/sec: 6052.33 - lr: 0.100000
2023-05-31 20:00:29,893 epoch 19 - iter 3/11 - loss 1.29747109 - time (sec): 0.27 - samples/sec: 6293.03 - lr: 0.100000
2023-05-31 20:00:29,996 epoch 19 - iter 4/11 - loss 1.33405046 - time (sec): 0.38 - samples/sec: 6107.08 - lr: 0.100000
2023-05-31 20:00:30,097 epoch 19 - iter 5/11 - loss 1.32214927 - time (sec): 0.48 - samples/sec: 6076.67 - lr: 0.100000
2023-05-31 20:00:30,184 epoch 19 - iter 6/11 - loss 1.34584989 - time (sec): 0.57 - samples/sec: 6169.17 - lr: 0.100000
2023-05-31 20:00:30,274 epoch 19 - iter 7/11 - loss 1.35619350 - time (sec): 0.66 - samples/sec: 6158.86 - lr: 0.100000
2023-05-31 20:00:30,389 epoch 19 - iter 8/11 - loss 1.34423993 - time (sec): 0.77 - samples/sec: 5947.96 - lr: 0.100000
2023-05-31 20:00:30,481 epoch 19 - iter 9/11 - loss 1.34579969 - time (sec): 0.86 - samples/sec: 6034.78 - lr: 0.100000
2023-05-31 20:00:30,601 epoch 19 - iter 10/11 - loss 1.32023696 - time (sec): 0.98 - samples/sec: 5857.10 - lr: 0.100000
2023-05-31 20:00:30,686 epoch 19 - iter 11/11 - loss 1.32868192 - time (sec): 1.07 - samples/sec: 5659.51 - lr: 0.100000
2023-05-31 20:00:30,689 ----------------------------------------------------------------------------------------------------
2023-05-31 20:00:30,691 EPOCH 19 done: loss 1.3287 - lr 0.100000
2023-05-31 20:00:30,885 Evaluating as a multi-label problem: False
2023-05-31 20:00:30,902 DEV : loss 1.508446455001831 - f1-score (micro avg)  0.0187
2023-05-31 20:00:30,908 BAD EPOCHS (no improvement): 1
2023-05-31 20:00:30,910 ----------------------------------------------------------------------------------------------------
2023-05-31 20:00:30,993 epoch 20 - iter 1/11 - loss 1.46435898 - time (sec): 0.08 - samples/sec: 6519.50 - lr: 0.100000
2023-05-31 20:00:31,083 epoch 20 - iter 2/11 - loss 1.30750059 - time (sec): 0.17 - samples/sec: 6555.83 - lr: 0.100000
2023-05-31 20:00:31,199 epoch 20 - iter 3/11 - loss 1.33113305 - time (sec): 0.29 - samples/sec: 5891.64 - lr: 0.100000
2023-05-31 20:00:31,299 epoch 20 - iter 4/11 - loss 1.32218140 - time (sec): 0.39 - samples/sec: 5955.87 - lr: 0.100000
2023-05-31 20:00:31,404 epoch 20 - iter 5/11 - loss 1.30347105 - time (sec): 0.49 - samples/sec: 5791.35 - lr: 0.100000
2023-05-31 20:00:31,501 epoch 20 - iter 6/11 - loss 1.30571022 - time (sec): 0.59 - samples/sec: 5855.56 - lr: 0.100000
2023-05-31 20:00:31,591 epoch 20 - iter 7/11 - loss 1.30501206 - time (sec): 0.68 - samples/sec: 5876.20 - lr: 0.100000
2023-05-31 20:00:31,684 epoch 20 - iter 8/11 - loss 1.31010473 - time (sec): 0.77 - samples/sec: 6013.82 - lr: 0.100000
2023-05-31 20:00:31,779 epoch 20 - iter 9/11 - loss 1.31767832 - time (sec): 0.87 - samples/sec: 5971.77 - lr: 0.100000
2023-05-31 20:00:31,874 epoch 20 - iter 10/11 - loss 1.31838727 - time (sec): 0.96 - samples/sec: 5984.94 - lr: 0.100000
2023-05-31 20:00:31,953 epoch 20 - iter 11/11 - loss 1.30583987 - time (sec): 1.04 - samples/sec: 5811.72 - lr: 0.100000
2023-05-31 20:00:31,955 ----------------------------------------------------------------------------------------------------
2023-05-31 20:00:31,957 EPOCH 20 done: loss 1.3058 - lr 0.100000
2023-05-31 20:00:32,160 Evaluating as a multi-label problem: False
2023-05-31 20:00:32,176 DEV : loss 1.4539920091629028 - f1-score (micro avg)  0.0
2023-05-31 20:00:32,182 BAD EPOCHS (no improvement): 2
2023-05-31 20:00:32,184 ----------------------------------------------------------------------------------------------------
2023-05-31 20:00:32,285 epoch 21 - iter 1/11 - loss 1.32036423 - time (sec): 0.10 - samples/sec: 6302.37 - lr: 0.100000
2023-05-31 20:00:32,380 epoch 21 - iter 2/11 - loss 1.27886368 - time (sec): 0.19 - samples/sec: 5853.80 - lr: 0.100000
2023-05-31 20:00:32,476 epoch 21 - iter 3/11 - loss 1.28058868 - time (sec): 0.29 - samples/sec: 6082.25 - lr: 0.100000
2023-05-31 20:00:32,595 epoch 21 - iter 4/11 - loss 1.25956031 - time (sec): 0.41 - samples/sec: 5859.82 - lr: 0.100000
2023-05-31 20:00:32,689 epoch 21 - iter 5/11 - loss 1.30570706 - time (sec): 0.50 - samples/sec: 5854.10 - lr: 0.100000
2023-05-31 20:00:32,789 epoch 21 - iter 6/11 - loss 1.32495417 - time (sec): 0.60 - samples/sec: 5875.10 - lr: 0.100000
2023-05-31 20:00:32,907 epoch 21 - iter 7/11 - loss 1.30973275 - time (sec): 0.72 - samples/sec: 5776.36 - lr: 0.100000
2023-05-31 20:00:32,986 epoch 21 - iter 8/11 - loss 1.30341918 - time (sec): 0.80 - samples/sec: 5847.67 - lr: 0.100000
2023-05-31 20:00:33,081 epoch 21 - iter 9/11 - loss 1.30266457 - time (sec): 0.90 - samples/sec: 5864.58 - lr: 0.100000
2023-05-31 20:00:33,194 epoch 21 - iter 10/11 - loss 1.30705047 - time (sec): 1.01 - samples/sec: 5761.99 - lr: 0.100000
2023-05-31 20:00:33,247 epoch 21 - iter 11/11 - loss 1.29439316 - time (sec): 1.06 - samples/sec: 5692.75 - lr: 0.100000
2023-05-31 20:00:33,250 ----------------------------------------------------------------------------------------------------
2023-05-31 20:00:33,251 EPOCH 21 done: loss 1.2944 - lr 0.100000
2023-05-31 20:00:33,440 Evaluating as a multi-label problem: False
2023-05-31 20:00:33,453 DEV : loss 1.438145399093628 - f1-score (micro avg)  0.0
2023-05-31 20:00:33,458 BAD EPOCHS (no improvement): 3
2023-05-31 20:00:33,460 ----------------------------------------------------------------------------------------------------
2023-05-31 20:00:33,549 epoch 22 - iter 1/11 - loss 0.99396404 - time (sec): 0.09 - samples/sec: 6488.05 - lr: 0.100000
2023-05-31 20:00:33,657 epoch 22 - iter 2/11 - loss 1.05020930 - time (sec): 0.20 - samples/sec: 5796.78 - lr: 0.100000
2023-05-31 20:00:33,739 epoch 22 - iter 3/11 - loss 1.17582575 - time (sec): 0.28 - samples/sec: 6251.47 - lr: 0.100000
2023-05-31 20:00:33,826 epoch 22 - iter 4/11 - loss 1.21693945 - time (sec): 0.37 - samples/sec: 6357.63 - lr: 0.100000
2023-05-31 20:00:33,929 epoch 22 - iter 5/11 - loss 1.20895404 - time (sec): 0.47 - samples/sec: 6228.91 - lr: 0.100000
2023-05-31 20:00:34,011 epoch 22 - iter 6/11 - loss 1.22615071 - time (sec): 0.55 - samples/sec: 6284.53 - lr: 0.100000
2023-05-31 20:00:34,094 epoch 22 - iter 7/11 - loss 1.24140423 - time (sec): 0.63 - samples/sec: 6307.82 - lr: 0.100000
2023-05-31 20:00:34,194 epoch 22 - iter 8/11 - loss 1.24572783 - time (sec): 0.73 - samples/sec: 6326.16 - lr: 0.100000
2023-05-31 20:00:34,302 epoch 22 - iter 9/11 - loss 1.24282348 - time (sec): 0.84 - samples/sec: 6231.85 - lr: 0.100000
2023-05-31 20:00:34,385 epoch 22 - iter 10/11 - loss 1.25386623 - time (sec): 0.92 - samples/sec: 6288.21 - lr: 0.100000
2023-05-31 20:00:34,433 epoch 22 - iter 11/11 - loss 1.25619993 - time (sec): 0.97 - samples/sec: 6215.82 - lr: 0.100000
2023-05-31 20:00:34,435 ----------------------------------------------------------------------------------------------------
2023-05-31 20:00:34,436 EPOCH 22 done: loss 1.2562 - lr 0.100000
2023-05-31 20:00:34,611 Evaluating as a multi-label problem: False
2023-05-31 20:00:34,625 DEV : loss 1.405656337738037 - f1-score (micro avg)  0.0
2023-05-31 20:00:34,630 Epoch    22: reducing learning rate of group 0 to 5.0000e-02.
2023-05-31 20:00:34,631 BAD EPOCHS (no improvement): 4
2023-05-31 20:00:34,634 ----------------------------------------------------------------------------------------------------
2023-05-31 20:00:34,722 epoch 23 - iter 1/11 - loss 1.10595192 - time (sec): 0.09 - samples/sec: 6556.76 - lr: 0.050000
2023-05-31 20:00:34,816 epoch 23 - iter 2/11 - loss 1.11758613 - time (sec): 0.18 - samples/sec: 6460.70 - lr: 0.050000
2023-05-31 20:00:34,922 epoch 23 - iter 3/11 - loss 1.15735390 - time (sec): 0.29 - samples/sec: 6305.74 - lr: 0.050000
2023-05-31 20:00:35,012 epoch 23 - iter 4/11 - loss 1.17449272 - time (sec): 0.38 - samples/sec: 6540.18 - lr: 0.050000
2023-05-31 20:00:35,094 epoch 23 - iter 5/11 - loss 1.19645637 - time (sec): 0.46 - samples/sec: 6530.30 - lr: 0.050000
2023-05-31 20:00:35,173 epoch 23 - iter 6/11 - loss 1.19664747 - time (sec): 0.54 - samples/sec: 6493.52 - lr: 0.050000
2023-05-31 20:00:35,253 epoch 23 - iter 7/11 - loss 1.18894788 - time (sec): 0.62 - samples/sec: 6463.63 - lr: 0.050000
2023-05-31 20:00:35,337 epoch 23 - iter 8/11 - loss 1.20232712 - time (sec): 0.70 - samples/sec: 6504.13 - lr: 0.050000
2023-05-31 20:00:35,440 epoch 23 - iter 9/11 - loss 1.18016767 - time (sec): 0.80 - samples/sec: 6413.16 - lr: 0.050000
2023-05-31 20:00:35,543 epoch 23 - iter 10/11 - loss 1.18282964 - time (sec): 0.91 - samples/sec: 6370.72 - lr: 0.050000
2023-05-31 20:00:35,588 epoch 23 - iter 11/11 - loss 1.19048113 - time (sec): 0.95 - samples/sec: 6337.30 - lr: 0.050000
2023-05-31 20:00:35,590 ----------------------------------------------------------------------------------------------------
2023-05-31 20:00:35,592 EPOCH 23 done: loss 1.1905 - lr 0.050000
2023-05-31 20:00:35,763 Evaluating as a multi-label problem: False
2023-05-31 20:00:35,777 DEV : loss 1.388840913772583 - f1-score (micro avg)  0.0
2023-05-31 20:00:35,783 BAD EPOCHS (no improvement): 1
2023-05-31 20:00:35,784 ----------------------------------------------------------------------------------------------------
2023-05-31 20:00:35,888 epoch 24 - iter 1/11 - loss 1.15468461 - time (sec): 0.10 - samples/sec: 4888.89 - lr: 0.050000
2023-05-31 20:00:35,995 epoch 24 - iter 2/11 - loss 1.12585162 - time (sec): 0.21 - samples/sec: 5469.80 - lr: 0.050000
2023-05-31 20:00:36,074 epoch 24 - iter 3/11 - loss 1.17304184 - time (sec): 0.29 - samples/sec: 5817.51 - lr: 0.050000
2023-05-31 20:00:36,166 epoch 24 - iter 4/11 - loss 1.17126944 - time (sec): 0.38 - samples/sec: 5960.77 - lr: 0.050000
2023-05-31 20:00:36,250 epoch 24 - iter 5/11 - loss 1.17729878 - time (sec): 0.46 - samples/sec: 6121.81 - lr: 0.050000
2023-05-31 20:00:36,334 epoch 24 - iter 6/11 - loss 1.15803106 - time (sec): 0.55 - samples/sec: 6218.49 - lr: 0.050000
2023-05-31 20:00:36,419 epoch 24 - iter 7/11 - loss 1.15456601 - time (sec): 0.63 - samples/sec: 6429.31 - lr: 0.050000
2023-05-31 20:00:36,499 epoch 24 - iter 8/11 - loss 1.16310572 - time (sec): 0.71 - samples/sec: 6524.43 - lr: 0.050000
2023-05-31 20:00:36,600 epoch 24 - iter 9/11 - loss 1.16462974 - time (sec): 0.81 - samples/sec: 6473.27 - lr: 0.050000
2023-05-31 20:00:36,681 epoch 24 - iter 10/11 - loss 1.18433278 - time (sec): 0.89 - samples/sec: 6460.45 - lr: 0.050000
2023-05-31 20:00:36,731 epoch 24 - iter 11/11 - loss 1.18755271 - time (sec): 0.95 - samples/sec: 6388.37 - lr: 0.050000
2023-05-31 20:00:36,733 ----------------------------------------------------------------------------------------------------
2023-05-31 20:00:36,735 EPOCH 24 done: loss 1.1876 - lr 0.050000
2023-05-31 20:00:36,906 Evaluating as a multi-label problem: False
2023-05-31 20:00:36,919 DEV : loss 1.383915901184082 - f1-score (micro avg)  0.0096
2023-05-31 20:00:36,924 BAD EPOCHS (no improvement): 2
2023-05-31 20:00:36,925 ----------------------------------------------------------------------------------------------------
2023-05-31 20:00:37,037 epoch 25 - iter 1/11 - loss 1.10673540 - time (sec): 0.11 - samples/sec: 6460.34 - lr: 0.050000
2023-05-31 20:00:37,114 epoch 25 - iter 2/11 - loss 1.13990430 - time (sec): 0.19 - samples/sec: 6307.12 - lr: 0.050000
2023-05-31 20:00:37,214 epoch 25 - iter 3/11 - loss 1.11010777 - time (sec): 0.29 - samples/sec: 6175.76 - lr: 0.050000
2023-05-31 20:00:37,293 epoch 25 - iter 4/11 - loss 1.09755803 - time (sec): 0.37 - samples/sec: 6301.92 - lr: 0.050000
2023-05-31 20:00:37,383 epoch 25 - iter 5/11 - loss 1.11200013 - time (sec): 0.46 - samples/sec: 6274.11 - lr: 0.050000
2023-05-31 20:00:37,466 epoch 25 - iter 6/11 - loss 1.11962563 - time (sec): 0.54 - samples/sec: 6445.84 - lr: 0.050000
2023-05-31 20:00:37,551 epoch 25 - iter 7/11 - loss 1.12713039 - time (sec): 0.62 - samples/sec: 6502.49 - lr: 0.050000
2023-05-31 20:00:37,633 epoch 25 - iter 8/11 - loss 1.13847102 - time (sec): 0.71 - samples/sec: 6568.44 - lr: 0.050000
2023-05-31 20:00:37,718 epoch 25 - iter 9/11 - loss 1.14621693 - time (sec): 0.79 - samples/sec: 6566.86 - lr: 0.050000
2023-05-31 20:00:37,821 epoch 25 - iter 10/11 - loss 1.15420588 - time (sec): 0.89 - samples/sec: 6523.17 - lr: 0.050000
2023-05-31 20:00:37,871 epoch 25 - iter 11/11 - loss 1.15933242 - time (sec): 0.94 - samples/sec: 6404.38 - lr: 0.050000
2023-05-31 20:00:37,872 ----------------------------------------------------------------------------------------------------
2023-05-31 20:00:37,874 EPOCH 25 done: loss 1.1593 - lr 0.050000
2023-05-31 20:00:38,048 Evaluating as a multi-label problem: False
2023-05-31 20:00:38,063 DEV : loss 1.3947052955627441 - f1-score (micro avg)  0.0
2023-05-31 20:00:38,068 BAD EPOCHS (no improvement): 3
2023-05-31 20:00:38,070 ----------------------------------------------------------------------------------------------------
2023-05-31 20:00:38,154 epoch 26 - iter 1/11 - loss 1.12451172 - time (sec): 0.08 - samples/sec: 6874.06 - lr: 0.050000
2023-05-31 20:00:38,262 epoch 26 - iter 2/11 - loss 1.23807285 - time (sec): 0.19 - samples/sec: 6575.87 - lr: 0.050000
2023-05-31 20:00:38,346 epoch 26 - iter 3/11 - loss 1.16116782 - time (sec): 0.28 - samples/sec: 6587.90 - lr: 0.050000
2023-05-31 20:00:38,423 epoch 26 - iter 4/11 - loss 1.15686943 - time (sec): 0.35 - samples/sec: 6645.80 - lr: 0.050000
2023-05-31 20:00:38,505 epoch 26 - iter 5/11 - loss 1.13905884 - time (sec): 0.43 - samples/sec: 6719.49 - lr: 0.050000
2023-05-31 20:00:38,588 epoch 26 - iter 6/11 - loss 1.15513506 - time (sec): 0.52 - samples/sec: 6836.06 - lr: 0.050000
2023-05-31 20:00:38,683 epoch 26 - iter 7/11 - loss 1.16171729 - time (sec): 0.61 - samples/sec: 6701.77 - lr: 0.050000
2023-05-31 20:00:38,761 epoch 26 - iter 8/11 - loss 1.17377396 - time (sec): 0.69 - samples/sec: 6817.82 - lr: 0.050000
2023-05-31 20:00:38,860 epoch 26 - iter 9/11 - loss 1.17679024 - time (sec): 0.79 - samples/sec: 6656.60 - lr: 0.050000
2023-05-31 20:00:38,943 epoch 26 - iter 10/11 - loss 1.15365698 - time (sec): 0.87 - samples/sec: 6649.69 - lr: 0.050000
2023-05-31 20:00:39,010 epoch 26 - iter 11/11 - loss 1.15067396 - time (sec): 0.94 - samples/sec: 6435.30 - lr: 0.050000
2023-05-31 20:00:39,012 ----------------------------------------------------------------------------------------------------
2023-05-31 20:00:39,014 EPOCH 26 done: loss 1.1507 - lr 0.050000
2023-05-31 20:00:39,186 Evaluating as a multi-label problem: False
2023-05-31 20:00:39,199 DEV : loss 1.3896715641021729 - f1-score (micro avg)  0.0
2023-05-31 20:00:39,205 Epoch    26: reducing learning rate of group 0 to 2.5000e-02.
2023-05-31 20:00:39,206 BAD EPOCHS (no improvement): 4
2023-05-31 20:00:39,208 ----------------------------------------------------------------------------------------------------
2023-05-31 20:00:39,294 epoch 27 - iter 1/11 - loss 1.30811800 - time (sec): 0.08 - samples/sec: 6746.82 - lr: 0.025000
2023-05-31 20:00:39,373 epoch 27 - iter 2/11 - loss 1.35134533 - time (sec): 0.16 - samples/sec: 6937.63 - lr: 0.025000
2023-05-31 20:00:39,475 epoch 27 - iter 3/11 - loss 1.23403279 - time (sec): 0.26 - samples/sec: 6451.14 - lr: 0.025000
2023-05-31 20:00:39,579 epoch 27 - iter 4/11 - loss 1.19194853 - time (sec): 0.37 - samples/sec: 6220.92 - lr: 0.025000
2023-05-31 20:00:39,665 epoch 27 - iter 5/11 - loss 1.16114667 - time (sec): 0.45 - samples/sec: 6334.48 - lr: 0.025000
2023-05-31 20:00:39,742 epoch 27 - iter 6/11 - loss 1.13350098 - time (sec): 0.53 - samples/sec: 6399.69 - lr: 0.025000
2023-05-31 20:00:39,844 epoch 27 - iter 7/11 - loss 1.13487401 - time (sec): 0.63 - samples/sec: 6391.14 - lr: 0.025000
2023-05-31 20:00:39,929 epoch 27 - iter 8/11 - loss 1.15435014 - time (sec): 0.72 - samples/sec: 6417.73 - lr: 0.025000
2023-05-31 20:00:40,025 epoch 27 - iter 9/11 - loss 1.15345019 - time (sec): 0.81 - samples/sec: 6376.25 - lr: 0.025000
2023-05-31 20:00:40,107 epoch 27 - iter 10/11 - loss 1.14906990 - time (sec): 0.90 - samples/sec: 6450.09 - lr: 0.025000
2023-05-31 20:00:40,159 epoch 27 - iter 11/11 - loss 1.13834742 - time (sec): 0.95 - samples/sec: 6373.11 - lr: 0.025000
2023-05-31 20:00:40,160 ----------------------------------------------------------------------------------------------------
2023-05-31 20:00:40,162 EPOCH 27 done: loss 1.1383 - lr 0.025000
2023-05-31 20:00:40,339 Evaluating as a multi-label problem: False
2023-05-31 20:00:40,353 DEV : loss 1.3706510066986084 - f1-score (micro avg)  0.0
2023-05-31 20:00:40,358 BAD EPOCHS (no improvement): 1
2023-05-31 20:00:40,360 ----------------------------------------------------------------------------------------------------
2023-05-31 20:00:40,467 epoch 28 - iter 1/11 - loss 0.92268947 - time (sec): 0.11 - samples/sec: 5808.48 - lr: 0.025000
2023-05-31 20:00:40,544 epoch 28 - iter 2/11 - loss 0.99727845 - time (sec): 0.18 - samples/sec: 6439.01 - lr: 0.025000
2023-05-31 20:00:40,630 epoch 28 - iter 3/11 - loss 1.07171339 - time (sec): 0.27 - samples/sec: 6713.35 - lr: 0.025000
2023-05-31 20:00:40,736 epoch 28 - iter 4/11 - loss 1.09153551 - time (sec): 0.37 - samples/sec: 6474.65 - lr: 0.025000
2023-05-31 20:00:40,816 epoch 28 - iter 5/11 - loss 1.07184449 - time (sec): 0.45 - samples/sec: 6528.83 - lr: 0.025000
2023-05-31 20:00:40,900 epoch 28 - iter 6/11 - loss 1.09528020 - time (sec): 0.54 - samples/sec: 6610.25 - lr: 0.025000
2023-05-31 20:00:40,980 epoch 28 - iter 7/11 - loss 1.10528367 - time (sec): 0.62 - samples/sec: 6592.24 - lr: 0.025000
2023-05-31 20:00:41,086 epoch 28 - iter 8/11 - loss 1.09919513 - time (sec): 0.72 - samples/sec: 6477.51 - lr: 0.025000
2023-05-31 20:00:41,170 epoch 28 - iter 9/11 - loss 1.11894788 - time (sec): 0.81 - samples/sec: 6520.02 - lr: 0.025000
2023-05-31 20:00:41,253 epoch 28 - iter 10/11 - loss 1.11916755 - time (sec): 0.89 - samples/sec: 6533.99 - lr: 0.025000
2023-05-31 20:00:41,295 epoch 28 - iter 11/11 - loss 1.12402351 - time (sec): 0.93 - samples/sec: 6474.58 - lr: 0.025000
2023-05-31 20:00:41,296 ----------------------------------------------------------------------------------------------------
2023-05-31 20:00:41,298 EPOCH 28 done: loss 1.1240 - lr 0.025000
2023-05-31 20:00:41,472 Evaluating as a multi-label problem: False
2023-05-31 20:00:41,488 DEV : loss 1.366586685180664 - f1-score (micro avg)  0.009
2023-05-31 20:00:41,493 BAD EPOCHS (no improvement): 2
2023-05-31 20:00:41,495 ----------------------------------------------------------------------------------------------------
2023-05-31 20:00:41,581 epoch 29 - iter 1/11 - loss 1.11700975 - time (sec): 0.08 - samples/sec: 6839.80 - lr: 0.025000
2023-05-31 20:00:41,689 epoch 29 - iter 2/11 - loss 1.08981155 - time (sec): 0.19 - samples/sec: 6225.78 - lr: 0.025000
2023-05-31 20:00:41,785 epoch 29 - iter 3/11 - loss 1.07717336 - time (sec): 0.29 - samples/sec: 5871.92 - lr: 0.025000
2023-05-31 20:00:41,865 epoch 29 - iter 4/11 - loss 1.05606462 - time (sec): 0.37 - samples/sec: 6013.31 - lr: 0.025000
2023-05-31 20:00:41,944 epoch 29 - iter 5/11 - loss 1.06038099 - time (sec): 0.45 - samples/sec: 6104.70 - lr: 0.025000
2023-05-31 20:00:42,306 epoch 29 - iter 6/11 - loss 1.06503576 - time (sec): 0.81 - samples/sec: 4058.41 - lr: 0.025000
2023-05-31 20:00:42,408 epoch 29 - iter 7/11 - loss 1.08793387 - time (sec): 0.91 - samples/sec: 4289.83 - lr: 0.025000
2023-05-31 20:00:42,489 epoch 29 - iter 8/11 - loss 1.11395820 - time (sec): 0.99 - samples/sec: 4470.88 - lr: 0.025000
2023-05-31 20:00:42,573 epoch 29 - iter 9/11 - loss 1.11775396 - time (sec): 1.08 - samples/sec: 4722.69 - lr: 0.025000
2023-05-31 20:00:42,671 epoch 29 - iter 10/11 - loss 1.10908080 - time (sec): 1.17 - samples/sec: 4908.27 - lr: 0.025000
2023-05-31 20:00:42,721 epoch 29 - iter 11/11 - loss 1.11402240 - time (sec): 1.23 - samples/sec: 4931.34 - lr: 0.025000
2023-05-31 20:00:42,723 ----------------------------------------------------------------------------------------------------
2023-05-31 20:00:42,726 EPOCH 29 done: loss 1.1140 - lr 0.025000
2023-05-31 20:00:42,895 Evaluating as a multi-label problem: False
2023-05-31 20:00:42,909 DEV : loss 1.3615491390228271 - f1-score (micro avg)  0.0
2023-05-31 20:00:42,914 BAD EPOCHS (no improvement): 3
2023-05-31 20:00:42,916 ----------------------------------------------------------------------------------------------------
2023-05-31 20:00:43,003 epoch 30 - iter 1/11 - loss 1.04370653 - time (sec): 0.09 - samples/sec: 7467.94 - lr: 0.025000
2023-05-31 20:00:43,080 epoch 30 - iter 2/11 - loss 1.12615165 - time (sec): 0.16 - samples/sec: 7315.08 - lr: 0.025000
2023-05-31 20:00:43,175 epoch 30 - iter 3/11 - loss 1.17037869 - time (sec): 0.26 - samples/sec: 7017.19 - lr: 0.025000
2023-05-31 20:00:43,250 epoch 30 - iter 4/11 - loss 1.19978748 - time (sec): 0.33 - samples/sec: 6952.91 - lr: 0.025000
2023-05-31 20:00:43,357 epoch 30 - iter 5/11 - loss 1.16535983 - time (sec): 0.44 - samples/sec: 6601.88 - lr: 0.025000
2023-05-31 20:00:43,451 epoch 30 - iter 6/11 - loss 1.13149024 - time (sec): 0.53 - samples/sec: 6392.04 - lr: 0.025000
2023-05-31 20:00:43,541 epoch 30 - iter 7/11 - loss 1.13537539 - time (sec): 0.62 - samples/sec: 6363.71 - lr: 0.025000
2023-05-31 20:00:43,649 epoch 30 - iter 8/11 - loss 1.13835674 - time (sec): 0.73 - samples/sec: 6263.74 - lr: 0.025000
2023-05-31 20:00:43,757 epoch 30 - iter 9/11 - loss 1.11372815 - time (sec): 0.84 - samples/sec: 6196.02 - lr: 0.025000
2023-05-31 20:00:43,845 epoch 30 - iter 10/11 - loss 1.11036291 - time (sec): 0.93 - samples/sec: 6256.65 - lr: 0.025000
2023-05-31 20:00:43,899 epoch 30 - iter 11/11 - loss 1.10628778 - time (sec): 0.98 - samples/sec: 6155.72 - lr: 0.025000
2023-05-31 20:00:43,901 ----------------------------------------------------------------------------------------------------
2023-05-31 20:00:43,903 EPOCH 30 done: loss 1.1063 - lr 0.025000
2023-05-31 20:00:44,087 Evaluating as a multi-label problem: False
2023-05-31 20:00:44,105 DEV : loss 1.3741886615753174 - f1-score (micro avg)  0.0335
2023-05-31 20:00:44,113 Epoch    30: reducing learning rate of group 0 to 1.2500e-02.
2023-05-31 20:00:44,114 BAD EPOCHS (no improvement): 4
2023-05-31 20:00:44,548 ----------------------------------------------------------------------------------------------------
2023-05-31 20:00:45,374 SequenceTagger predicts: Dictionary with 31 tags: O, S-ActivityData, B-ActivityData, E-ActivityData, I-ActivityData, S-Activity, B-Activity, E-Activity, I-Activity, S-Actor, B-Actor, E-Actor, I-Actor, S-XORGateway, B-XORGateway, E-XORGateway, I-XORGateway, S-ConditionSpecification, B-ConditionSpecification, E-ConditionSpecification, I-ConditionSpecification, S-FurtherSpecification, B-FurtherSpecification, E-FurtherSpecification, I-FurtherSpecification, S-ANDGateway, B-ANDGateway, E-ANDGateway, I-ANDGateway, <START>, <STOP>
2023-05-31 20:00:46,137 Evaluating as a multi-label problem: False
2023-05-31 20:00:46,153 0.0263	0.005	0.0084	0.0042
2023-05-31 20:00:46,155 
Results:
- F-score (micro) 0.0084
- F-score (macro) 0.0047
- Accuracy 0.0042

By class:
                        precision    recall  f1-score   support

          ActivityData     0.0625    0.0182    0.0282        55
              Activity     0.0000    0.0000    0.0000        56
                 Actor     0.0000    0.0000    0.0000        54
            XORGateway     0.0000    0.0000    0.0000        15
ConditionSpecification     0.0000    0.0000    0.0000        12
  FurtherSpecification     0.0000    0.0000    0.0000         9

             micro avg     0.0263    0.0050    0.0084       201
             macro avg     0.0104    0.0030    0.0047       201
          weighted avg     0.0171    0.0050    0.0077       201

2023-05-31 20:00:46,158 ----------------------------------------------------------------------------------------------------
